# JRE version: OpenJDK Runtime Environment (17.0.11) (build 17.0.11+0--11852314)
# Java VM: OpenJDK 64-Bit Server VM (17.0.11+0--11852314, mixed mode, tiered, compressed oops, compressed class ptrs, g1 gc, windows-amd64)
GC Precious Log:
 CPUs: 16 total, 16 available
 Memory: 8142M
 Large Page Support: Disabled
 NUMA Support: Disabled
 Compressed Oops: Enabled (32-bit)
 Heap Region Size: 1M
 Heap Min Capacity: 8M
 Heap Initial Capacity: 128M
 Heap Max Capacity: 2G
 Pre-touch: Disabled
 Parallel Workers: 13
 Concurrent Workers: 3
 Concurrent Refinement Workers: 13
 Periodic GC: Disabled
Heap:
 garbage-first heap   total 343040K, used 228478K [0x0000000080000000, 0x0000000100000000)
  region size 1024K, 59 young (60416K), 10 survivors (10240K)
 Metaspace       used 109452K, committed 110400K, reserved 1179648K
  class space    used 14947K, committed 15424K, reserved 1048576K
GC Heap History (20 events):
Event: 21.666 GC heap before
{Heap before GC invocations=55 (full 0):
 garbage-first heap   total 183296K, used 150141K [0x0000000080000000, 0x0000000100000000)
  region size 1024K, 37 young (37888K), 4 survivors (4096K)
 Metaspace       used 102592K, committed 103360K, reserved 1179648K
  class space    used 14226K, committed 14592K, reserved 1048576K
}
Event: 21.668 GC heap after
{Heap after GC invocations=56 (full 0):
 garbage-first heap   total 183296K, used 118830K [0x0000000080000000, 0x0000000100000000)
  region size 1024K, 4 young (4096K), 4 survivors (4096K)
 Metaspace       used 102592K, committed 103360K, reserved 1179648K
  class space    used 14226K, committed 14592K, reserved 1048576K
}
Event: 21.820 GC heap before
{Heap before GC invocations=56 (full 0):
 garbage-first heap   total 183296K, used 151598K [0x0000000080000000, 0x0000000100000000)
  region size 1024K, 37 young (37888K), 4 survivors (4096K)
 Metaspace       used 102599K, committed 103360K, reserved 1179648K
  class space    used 14226K, committed 14592K, reserved 1048576K
}
Event: 21.822 GC heap after
{Heap after GC invocations=57 (full 0):
 garbage-first heap   total 183296K, used 119955K [0x0000000080000000, 0x0000000100000000)
  region size 1024K, 4 young (4096K), 4 survivors (4096K)
 Metaspace       used 102599K, committed 103360K, reserved 1179648K
  class space    used 14226K, committed 14592K, reserved 1048576K
}
Event: 21.934 GC heap before
{Heap before GC invocations=57 (full 0):
 garbage-first heap   total 183296K, used 151699K [0x0000000080000000, 0x0000000100000000)
  region size 1024K, 36 young (36864K), 4 survivors (4096K)
 Metaspace       used 102626K, committed 103424K, reserved 1179648K
  class space    used 14229K, committed 14592K, reserved 1048576K
}
Event: 21.936 GC heap after
{Heap after GC invocations=58 (full 0):
 garbage-first heap   total 183296K, used 120813K [0x0000000080000000, 0x0000000100000000)
  region size 1024K, 4 young (4096K), 4 survivors (4096K)
 Metaspace       used 102626K, committed 103424K, reserved 1179648K
  class space    used 14229K, committed 14592K, reserved 1048576K
}
Event: 22.185 GC heap before
{Heap before GC invocations=58 (full 0):
 garbage-first heap   total 183296K, used 152557K [0x0000000080000000, 0x0000000100000000)
  region size 1024K, 36 young (36864K), 4 survivors (4096K)
 Metaspace       used 102681K, committed 103424K, reserved 1179648K
  class space    used 14230K, committed 14592K, reserved 1048576K
}
Event: 22.189 GC heap after
{Heap after GC invocations=59 (full 0):
 garbage-first heap   total 220160K, used 122320K [0x0000000080000000, 0x0000000100000000)
  region size 1024K, 4 young (4096K), 4 survivors (4096K)
 Metaspace       used 102681K, committed 103424K, reserved 1179648K
  class space    used 14230K, committed 14592K, reserved 1048576K
}
Event: 23.103 GC heap before
{Heap before GC invocations=59 (full 0):
 garbage-first heap   total 220160K, used 187856K [0x0000000080000000, 0x0000000100000000)
  region size 1024K, 62 young (63488K), 4 survivors (4096K)
 Metaspace       used 106349K, committed 107136K, reserved 1179648K
  class space    used 14627K, committed 15040K, reserved 1048576K
}
Event: 23.111 GC heap after
{Heap after GC invocations=60 (full 0):
 garbage-first heap   total 220160K, used 129684K [0x0000000080000000, 0x0000000100000000)
  region size 1024K, 8 young (8192K), 8 survivors (8192K)
 Metaspace       used 106349K, committed 107136K, reserved 1179648K
  class space    used 14627K, committed 15040K, reserved 1048576K
}
Event: 23.453 GC heap before
{Heap before GC invocations=60 (full 0):
 garbage-first heap   total 220160K, used 171668K [0x0000000080000000, 0x0000000100000000)
  region size 1024K, 11 young (11264K), 8 survivors (8192K)
 Metaspace       used 106451K, committed 107264K, reserved 1179648K
  class space    used 14636K, committed 15040K, reserved 1048576K
}
Event: 23.487 GC heap after
{Heap after GC invocations=61 (full 0):
 garbage-first heap   total 220160K, used 170728K [0x0000000080000000, 0x0000000100000000)
  region size 1024K, 1 young (1024K), 1 survivors (1024K)
 Metaspace       used 106451K, committed 107264K, reserved 1179648K
  class space    used 14636K, committed 15040K, reserved 1048576K
}
Event: 24.547 GC heap before
{Heap before GC invocations=62 (full 0):
 garbage-first heap   total 343040K, used 277224K [0x0000000080000000, 0x0000000100000000)
  region size 1024K, 16 young (16384K), 1 survivors (1024K)
 Metaspace       used 107649K, committed 108416K, reserved 1179648K
  class space    used 14840K, committed 15232K, reserved 1048576K
}
Event: 24.550 GC heap after
{Heap after GC invocations=63 (full 0):
 garbage-first heap   total 343040K, used 160290K [0x0000000080000000, 0x0000000100000000)
  region size 1024K, 1 young (1024K), 1 survivors (1024K)
 Metaspace       used 107649K, committed 108416K, reserved 1179648K
  class space    used 14840K, committed 15232K, reserved 1048576K
}
Event: 323.000 GC heap before
{Heap before GC invocations=63 (full 0):
 garbage-first heap   total 343040K, used 174626K [0x0000000080000000, 0x0000000100000000)
  region size 1024K, 16 young (16384K), 1 survivors (1024K)
 Metaspace       used 107925K, committed 108736K, reserved 1179648K
  class space    used 14868K, committed 15296K, reserved 1048576K
}
Event: 323.014 GC heap after
{Heap after GC invocations=64 (full 0):
 garbage-first heap   total 343040K, used 157582K [0x0000000080000000, 0x0000000100000000)
  region size 1024K, 1 young (1024K), 1 survivors (1024K)
 Metaspace       used 107925K, committed 108736K, reserved 1179648K
  class space    used 14868K, committed 15296K, reserved 1048576K
}
Event: 472.264 GC heap before
{Heap before GC invocations=64 (full 0):
 garbage-first heap   total 343040K, used 277390K [0x0000000080000000, 0x0000000100000000)
  region size 1024K, 119 young (121856K), 1 survivors (1024K)
 Metaspace       used 108730K, committed 109632K, reserved 1179648K
  class space    used 14901K, committed 15360K, reserved 1048576K
}
Event: 472.309 GC heap after
{Heap after GC invocations=65 (full 0):
 garbage-first heap   total 343040K, used 170176K [0x0000000080000000, 0x0000000100000000)
  region size 1024K, 14 young (14336K), 14 survivors (14336K)
 Metaspace       used 108730K, committed 109632K, reserved 1179648K
  class space    used 14901K, committed 15360K, reserved 1048576K
}
Event: 921.932 GC heap before
{Heap before GC invocations=65 (full 0):
 garbage-first heap   total 343040K, used 266432K [0x0000000080000000, 0x0000000100000000)
  region size 1024K, 108 young (110592K), 14 survivors (14336K)
 Metaspace       used 109258K, committed 110144K, reserved 1179648K
  class space    used 14930K, committed 15360K, reserved 1048576K
}
Event: 922.055 GC heap after
{Heap after GC invocations=66 (full 0):
 garbage-first heap   total 343040K, used 179326K [0x0000000080000000, 0x0000000100000000)
  region size 1024K, 10 young (10240K), 10 survivors (10240K)
 Metaspace       used 109258K, committed 110144K, reserved 1179648K
  class space    used 14930K, committed 15360K, reserved 1048576K
}

